<?xml version="1.0" encoding="UTF-8"?>
<!-- Generated by org.testng.reporters.JUnitReportReporter -->
<testsuite hostname="ShOeB" failures="0" tests="1" name="testcase.StyleCreate" time="24.216" errors="0" timestamp="2022-04-06T14:46:42 BDT" skipped="0">
  <testcase classname="testcase.StyleCreate" name="locatorlearning" time="24.216"/>
  <system-out/>
</testsuite> <!-- testcase.StyleCreate -->
