<?xml version="1.0" encoding="UTF-8"?>
<!-- Generated by org.testng.reporters.JUnitReportReporter -->
<testsuite hostname="ShOeB" failures="0" tests="1" name="testcase.ShipmentSchedule" time="10.042" errors="0" timestamp="2022-05-10T17:45:22 BDT" skipped="0">
  <testcase classname="testcase.ShipmentSchedule" name="test" time="10.042"/>
  <system-out/>
</testsuite> <!-- testcase.ShipmentSchedule -->
