<?xml version="1.0" encoding="UTF-8"?>
<!-- Generated by org.testng.reporters.JUnitReportReporter -->
<testsuite hostname="ShOeB" failures="0" tests="1" name="testcase.ShipmentSchedule" time="15.395" errors="0" timestamp="2022-07-04T13:22:05 BDT" skipped="0">
  <testcase classname="testcase.ShipmentSchedule" name="test" time="15.395"/>
  <system-out/>
</testsuite> <!-- testcase.ShipmentSchedule -->
