<?xml version="1.0" encoding="UTF-8"?>
<!-- Generated by org.testng.reporters.JUnitReportReporter -->
<testsuite hostname="ShOeB" failures="0" tests="1" name="testcase.PrPoList" time="10.993" errors="0" timestamp="2022-07-04T13:20:29 BDT" skipped="0">
  <testcase classname="testcase.PrPoList" name="test" time="10.993"/>
  <system-out/>
</testsuite> <!-- testcase.PrPoList -->
