<?xml version="1.0" encoding="UTF-8"?>
<!-- Generated by org.testng.reporters.JUnitReportReporter -->
<testsuite hostname="ShOeB" failures="0" tests="1" name="testcase.BillOfMaterials" time="16.597" errors="0" timestamp="2022-07-06T11:54:44 BDT" skipped="0">
  <testcase classname="testcase.BillOfMaterials" name="locatorlearning" time="16.597"/>
  <system-out/>
</testsuite> <!-- testcase.BillOfMaterials -->
