<?xml version="1.0" encoding="UTF-8"?>
<!-- Generated by org.testng.reporters.JUnitReportReporter -->
<testsuite hostname="ShOeB" failures="0" tests="1" name="testcase.PurchaseOrder" time="6.133" errors="0" timestamp="2022-04-25T14:31:24 BDT" skipped="0">
  <testcase classname="testcase.PurchaseOrder" name="locatorlearning" time="6.133"/>
  <system-out/>
</testsuite> <!-- testcase.PurchaseOrder -->
