<?xml version="1.0" encoding="UTF-8"?>
<!-- Generated by org.testng.reporters.JUnitReportReporter -->
<testsuite hostname="ShOeB" failures="0" tests="1" name="testcase.StyleCreate" time="22.168" errors="0" timestamp="2022-07-04T13:23:42 BDT" skipped="0">
  <testcase classname="testcase.StyleCreate" name="locatorlearning" time="22.168"/>
  <system-out/>
</testsuite> <!-- testcase.StyleCreate -->
