<?xml version="1.0" encoding="UTF-8"?>
<!-- Generated by org.testng.reporters.JUnitReportReporter -->
<testsuite hostname="ShOeB" failures="0" tests="1" name="testcase.BillOfFabrics" time="24.276" errors="0" timestamp="2022-07-04T13:09:11 BDT" skipped="0">
  <testcase classname="testcase.BillOfFabrics" name="locatorlearning" time="24.276"/>
  <system-out/>
</testsuite> <!-- testcase.BillOfFabrics -->
