<?xml version="1.0" encoding="UTF-8"?>
<!-- Generated by org.testng.reporters.JUnitReportReporter -->
<testsuite hostname="ShOeB" failures="0" tests="1" name="testcase.PurchaseOrder" time="13.553" errors="0" timestamp="2022-04-26T14:25:50 BDT" skipped="0">
  <testcase classname="testcase.PurchaseOrder" name="locatorlearning" time="13.553"/>
  <system-out/>
</testsuite> <!-- testcase.PurchaseOrder -->
