<?xml version="1.0" encoding="UTF-8"?>
<!-- Generated by org.testng.reporters.JUnitReportReporter -->
<testsuite hostname="ShOeB" failures="0" tests="1" name="testcase.BillOfFabrics" time="21.167" errors="0" timestamp="2022-07-06T11:47:41 BDT" skipped="0">
  <testcase classname="testcase.BillOfFabrics" name="locatorlearning" time="21.167"/>
  <system-out/>
</testsuite> <!-- testcase.BillOfFabrics -->
