<?xml version="1.0" encoding="UTF-8"?>
<!-- Generated by org.testng.reporters.JUnitReportReporter -->
<testsuite hostname="ShOeB" failures="0" tests="1" name="testcase.LogInPage" time="6.612" errors="0" timestamp="2022-04-02T17:24:54 BDT" skipped="0">
  <testcase classname="testcase.LogInPage" name="locatorlearning" time="6.612"/>
  <system-out/>
</testsuite> <!-- testcase.LogInPage -->
