<?xml version="1.0" encoding="UTF-8"?>
<!-- Generated by org.testng.reporters.JUnitReportReporter -->
<testsuite hostname="ShOeB" failures="0" tests="1" name="testcase.LogInPage" time="10.881" errors="0" timestamp="2022-05-09T11:18:27 BDT" skipped="0">
  <testcase classname="testcase.LogInPage" name="test" time="10.881"/>
  <system-out/>
</testsuite> <!-- testcase.LogInPage -->
