<?xml version="1.0" encoding="UTF-8"?>
<!-- Generated by org.testng.reporters.JUnitReportReporter -->
<testsuite hostname="ShOeB" failures="0" tests="1" name="testcase.BuyerOrder" time="18.274" errors="0" timestamp="2022-04-03T10:59:11 BDT" skipped="0">
  <testcase classname="testcase.BuyerOrder" name="locatorlearning" time="18.274"/>
  <system-out/>
</testsuite> <!-- testcase.BuyerOrder -->
