<?xml version="1.0" encoding="UTF-8"?>
<!-- Generated by org.testng.reporters.JUnitReportReporter -->
<testsuite hostname="ShOeB" failures="0" tests="1" name="testcase.SuplierInvoice" time="32.812" errors="0" timestamp="2022-05-22T11:21:11 BDT" skipped="0">
  <testcase classname="testcase.SuplierInvoice" name="test" time="32.812"/>
  <system-out/>
</testsuite> <!-- testcase.SuplierInvoice -->
