<?xml version="1.0" encoding="UTF-8"?>
<!-- Generated by org.testng.reporters.JUnitReportReporter -->
<testsuite hostname="ShOeB" failures="0" tests="1" name="testcase.ForCheck" time="17.071" errors="0" timestamp="2022-07-25T11:26:10 BDT" skipped="0">
  <testcase classname="testcase.ForCheck" name="test" time="17.071"/>
  <system-out/>
</testsuite> <!-- testcase.ForCheck -->
