<?xml version="1.0" encoding="UTF-8"?>
<!-- Generated by org.testng.reporters.JUnitReportReporter -->
<testsuite hostname="ShOeB" failures="0" tests="1" name="testcase.LogInPage" time="13.100" errors="0" timestamp="2022-04-06T14:26:29 BDT" skipped="0">
  <testcase classname="testcase.LogInPage" name="locatorlearning" time="13.100"/>
  <system-out/>
</testsuite> <!-- testcase.LogInPage -->
