<?xml version="1.0" encoding="UTF-8"?>
<!-- Generated by org.testng.reporters.JUnitReportReporter -->
<testsuite hostname="ShOeB" failures="0" tests="1" name="testcase.ShipmentSchedule" time="18.667" errors="0" timestamp="2022-05-19T16:51:26 BDT" skipped="0">
  <testcase classname="testcase.ShipmentSchedule" name="test" time="18.667"/>
  <system-out/>
</testsuite> <!-- testcase.ShipmentSchedule -->
