<?xml version="1.0" encoding="UTF-8"?>
<!-- Generated by org.testng.reporters.JUnitReportReporter -->
<testsuite hostname="ShOeB" failures="0" tests="1" name="testcase.BillOfMaterials" time="15.944" errors="0" timestamp="2022-07-25T11:21:14 BDT" skipped="0">
  <testcase classname="testcase.BillOfMaterials" name="locatorlearning" time="15.944"/>
  <system-out/>
</testsuite> <!-- testcase.BillOfMaterials -->
