<?xml version="1.0" encoding="UTF-8"?>
<!-- Generated by org.testng.reporters.JUnitReportReporter -->
<testsuite hostname="ShOeB" failures="0" tests="1" name="testcase.PurchaseOrder" time="16.457" errors="0" timestamp="2022-04-28T13:56:01 BDT" skipped="0">
  <testcase classname="testcase.PurchaseOrder" name="locatorlearning" time="16.457"/>
  <system-out/>
</testsuite> <!-- testcase.PurchaseOrder -->
