<?xml version="1.0" encoding="UTF-8"?>
<!-- Generated by org.testng.reporters.JUnitReportReporter -->
<testsuite hostname="ShOeB" failures="0" tests="1" name="testcase.ForCheck" time="11.870" errors="0" timestamp="2022-05-22T11:39:08 BDT" skipped="0">
  <testcase classname="testcase.ForCheck" name="test" time="11.870"/>
  <system-out/>
</testsuite> <!-- testcase.ForCheck -->
