<?xml version="1.0" encoding="UTF-8"?>
<!-- Generated by org.testng.reporters.JUnitReportReporter -->
<testsuite hostname="ShOeB" failures="0" tests="1" name="testcase.PurchaseRequisiotion" time="37.112" errors="0" timestamp="2022-04-24T12:10:20 BDT" skipped="0">
  <testcase classname="testcase.PurchaseRequisiotion" name="locatorlearning" time="37.112"/>
  <system-out/>
</testsuite> <!-- testcase.PurchaseRequisiotion -->
