<?xml version="1.0" encoding="UTF-8"?>
<!-- Generated by org.testng.reporters.JUnitReportReporter -->
<testsuite hostname="ShOeB" failures="0" tests="1" name="testcase.SuplierInvoice" time="33.981" errors="0" timestamp="2022-07-04T13:24:37 BDT" skipped="0">
  <testcase classname="testcase.SuplierInvoice" name="test" time="33.981"/>
  <system-out/>
</testsuite> <!-- testcase.SuplierInvoice -->
