<?xml version="1.0" encoding="UTF-8"?>
<!-- Generated by org.testng.reporters.JUnitReportReporter -->
<testsuite hostname="ShOeB" failures="0" tests="1" name="testcase.ForCheck" time="11.220" errors="0" timestamp="2022-07-05T17:47:48 BDT" skipped="0">
  <testcase classname="testcase.ForCheck" name="test" time="11.220"/>
  <system-out/>
</testsuite> <!-- testcase.ForCheck -->
