<?xml version="1.0" encoding="UTF-8"?>
<!-- Generated by org.testng.reporters.JUnitReportReporter -->
<testsuite hostname="ShOeB" failures="0" tests="1" name="testcase.SuplierInvoice" time="11.516" errors="0" timestamp="2022-05-11T17:40:47 BDT" skipped="0">
  <testcase classname="testcase.SuplierInvoice" name="test" time="11.516"/>
  <system-out/>
</testsuite> <!-- testcase.SuplierInvoice -->
